<?xml version="1.0" encoding="UTF-8"?>
<!-- Generated by org.testng.reporters.JUnitReportReporter -->
<testsuite hostname="user1" failures="0" tests="1" name="runners.RerunRunner" time="7.519" errors="0" timestamp="2025-04-09T16:54:04 IST" skipped="0">
  <testcase classname="runners.RerunRunner" name="runScenario" time="7.519"/>
</testsuite> <!-- runners.RerunRunner -->
