<?xml version="1.0" encoding="UTF-8"?>
<!-- Generated by org.testng.reporters.JUnitReportReporter -->
<testsuite hostname="user1" failures="0" tests="3" name="runners.CRMRunner" time="0.187" errors="0" timestamp="2025-04-11T15:47:22 IST" skipped="0">
  <testcase classname="runners.CRMRunner" name="runScenario" time="0.024"/>
  <testcase classname="runners.CRMRunner" name="runScenario" time="0.149"/>
  <testcase classname="runners.CRMRunner" name="runScenario" time="0.014"/>
</testsuite> <!-- runners.CRMRunner -->
