<?xml version="1.0" encoding="UTF-8"?>
<!-- Generated by org.testng.reporters.JUnitReportReporter -->
<testsuite hostname="user1" failures="0" tests="1" name="runners.BookSearchRunner" time="7.994" errors="0" timestamp="2025-04-10T17:49:24 IST" skipped="0">
  <testcase classname="runners.BookSearchRunner" name="runScenario" time="7.994"/>
</testsuite> <!-- runners.BookSearchRunner -->
